<?xml version="1.0" encoding="UTF-8"?>
<!-- Generated by org.testng.reporters.JUnitReportReporter -->
<testsuite hostname="Sundarakrishnan" failures="0" tests="1" name="test.Day6.Ex3" time="18.184" errors="0" timestamp="2023-04-27T16:12:50 IST" skipped="0">
  <testcase classname="test.Day6.Ex3" name="Test1" time="18.184"/>
  <system-out/>
</testsuite> <!-- test.Day6.Ex3 -->
