<?xml version="1.0" encoding="UTF-8"?>
<!-- Generated by org.testng.reporters.JUnitReportReporter -->
<testsuite hostname="Sundarakrishnan" failures="0" tests="2" name="test.Day6.Ex_4" time="7.800" errors="0" timestamp="2023-04-27T16:12:50 IST" skipped="0">
  <testcase classname="test.Day6.Ex_4" name="Test2" time="3.167"/>
  <system-out/>
  <testcase classname="test.Day6.Ex_4" name="Test1" time="4.633"/>
  <system-out/>
</testsuite> <!-- test.Day6.Ex_4 -->
