<?xml version="1.0" encoding="UTF-8"?>
<!-- Generated by org.testng.reporters.JUnitReportReporter -->
<testsuite hostname="Sundarakrishnan" failures="0" tests="4" name="test.Day6.NewTest" time="0.012" errors="0" timestamp="2023-04-27T11:36:12 IST" skipped="0">
  <testcase classname="test.Day6.NewTest" name="add" time="0.009"/>
  <system-out/>
  <testcase classname="test.Day6.NewTest" name="multi" time="0.001"/>
  <system-out/>
  <testcase classname="test.Day6.NewTest" name="sub" time="0.001"/>
  <system-out/>
  <testcase classname="test.Day6.NewTest" name="div" time="0.001"/>
  <system-out/>
</testsuite> <!-- test.Day6.NewTest -->
