<?xml version="1.0" encoding="UTF-8"?>
<!-- Generated by org.testng.reporters.JUnitReportReporter -->
<testsuite hostname="Sundarakrishnan" failures="0" tests="4" name="test.Day6.Ex2" time="0.022" errors="0" timestamp="2023-04-27T16:12:50 IST" skipped="0">
  <testcase classname="test.Day6.Ex2" name="add" time="0.018"/>
  <system-out/>
  <testcase classname="test.Day6.Ex2" name="multi" time="0.002"/>
  <system-out/>
  <testcase classname="test.Day6.Ex2" name="sub" time="0.001"/>
  <system-out/>
  <testcase classname="test.Day6.Ex2" name="div" time="0.001"/>
  <system-out/>
</testsuite> <!-- test.Day6.Ex2 -->
