<?xml version="1.0" encoding="UTF-8"?>
<!-- Generated by org.testng.reporters.JUnitReportReporter -->
<testsuite hostname="Sundarakrishnan" failures="0" tests="2" name="test.Day6.Ex5_1" time="6.905" errors="0" timestamp="2023-04-27T16:14:14 IST" skipped="0">
  <testcase classname="test.Day6.Ex5_1" name="Test3" time="3.347"/>
  <system-out/>
  <testcase classname="test.Day6.Ex5_1" name="Test2" time="3.558"/>
  <system-out/>
</testsuite> <!-- test.Day6.Ex5_1 -->
